{
  "stats": {
    "suites": 2,
    "tests": 3,
    "passes": 3,
    "pending": 0,
    "failures": 0,
    "start": "2024-08-14T10:56:21.104Z",
    "end": "2024-08-14T10:56:28.748Z",
    "duration": 7644,
    "testsRegistered": 3,
    "passPercent": 100,
    "pendingPercent": 0,
    "other": 0,
    "hasOther": false,
    "skipped": 0,
    "hasSkipped": false
  },
  "results": [
    {
      "uuid": "c6da482b-231b-4cc7-b5a6-35f7bd2598da",
      "title": "",
      "fullFile": "",
      "file": "",
      "beforeHooks": [],
      "afterHooks": [],
      "tests": [],
      "suites": [
        {
          "uuid": "84e36008-d09b-47f6-88a6-5b7843631d59",
          "title": "to-do-second list",
          "fullFile": "C:\\selenium.demo\\test\\to-do-list.spec.js",
          "file": "\\test\\to-do-list.spec.js",
          "beforeHooks": [],
          "afterHooks": [],
          "tests": [
            {
              "title": "successful to-do function",
              "fullTitle": "to-do-second list successful to-do function",
              "timedOut": null,
              "duration": 3063,
              "state": "passed",
              "speed": "slow",
              "pass": true,
              "fail": false,
              "pending": false,
              "context": null,
              "code": "let driver;\nlet testPassed = true;\ntry {\n    driver = await new Builder().forBrowser(\"chrome\").build();\n    await driver.get(\"https://lambdatest.github.io/sample-todo-app/\");\n    await driver.findElement(By.id(\"sampletodotext\")).sendKeys(\"Learn JS\", Key.ENTER);\n    let todoText = await driver.findElement(By.xpath(\"/html/body/div/div/div/ul/li[6]/span\"))\n        .getText();\n    assert.equal(\"Learn JS\", todoText);\n} catch (error) {\n    testPassed = false;\n    console.log(\"Error:\", error);\n    throw error; // Rethrow the error to fail the test properly in Mocha\n} finally {\n    if (driver) {\n        await driver.quit();\n    }\n    if (testPassed) {\n        console.log(\"Test 2 Passed\");\n    }\n}",
              "err": {},
              "uuid": "e9ffb552-d3eb-4be5-a0f2-1967f7131279",
              "parentUUID": null,
              "isHook": false,
              "skipped": false
            }
          ],
          "suites": [],
          "passes": [
            "e9ffb552-d3eb-4be5-a0f2-1967f7131279"
          ],
          "failures": [],
          "pending": [],
          "skipped": [],
          "duration": 3063,
          "root": false,
          "rootEmpty": false,
          "_timeout": null
        },
        {
          "uuid": "caf22bc3-ce86-4038-b65f-c08b245fda35",
          "title": "to-do-second list",
          "fullFile": "C:\\selenium.demo\\test\\to-do-list-sd.spec.js",
          "file": "\\test\\to-do-list-sd.spec.js",
          "beforeHooks": [
            {
              "title": "\"before each\" hook in \"to-do-second list\"",
              "fullTitle": "to-do-second list \"before each\" hook in \"to-do-second list\"",
              "timedOut": null,
              "duration": 2109,
              "state": null,
              "speed": null,
              "pass": false,
              "fail": false,
              "pending": null,
              "context": null,
              "code": "driver = await new Builder().forBrowser(\"chrome\").build();",
              "err": {},
              "uuid": "3cb072f6-93a5-4bc2-bebb-3627d44f2c93",
              "parentUUID": null,
              "isHook": true,
              "skipped": false
            }
          ],
          "afterHooks": [
            {
              "title": "\"after each\" hook in \"to-do-second list\"",
              "fullTitle": "to-do-second list \"after each\" hook in \"to-do-second list\"",
              "timedOut": null,
              "duration": 47,
              "state": null,
              "speed": null,
              "pass": false,
              "fail": false,
              "pending": null,
              "context": null,
              "code": "await driver.quit();",
              "err": {},
              "uuid": "a63c9f69-f52e-4ef1-ba79-7b48e69082d2",
              "parentUUID": null,
              "isHook": true,
              "skipped": false
            }
          ],
          "tests": [
            {
              "title": "successful adding to-do to list",
              "fullTitle": "to-do-second list successful adding to-do to list",
              "timedOut": null,
              "duration": 478,
              "state": "passed",
              "speed": "slow",
              "pass": true,
              "fail": false,
              "pending": false,
              "context": null,
              "code": "await driver.get(\"https://lambdatest.github.io/sample-todo-app/\");\n            await driver.findElement(By.id(\"sampletodotext\")).sendKeys(\"Learn Selenium\", Key.ENTER);\n            let todoText = await driver.findElement(By.xpath(\"/html/body/div/div/div/ul/li[6]/span\"))\n                .getText();\n          assert.equal(\"Learn Selenium\", todoText);\n//        todoText.should.equal(\"Learn Selenium\");",
              "err": {},
              "uuid": "71663c0a-13f0-472c-a9f0-6e24553e2b70",
              "parentUUID": null,
              "isHook": false,
              "skipped": false
            },
            {
              "title": "failed adding to-do to list",
              "fullTitle": "to-do-second list failed adding to-do to list",
              "timedOut": null,
              "duration": 493,
              "state": "passed",
              "speed": "slow",
              "pass": true,
              "fail": false,
              "pending": false,
              "context": null,
              "code": "await driver.get(\"https://lambdatest.github.io/sample-todo-app/\");\n        await driver.findElement(By.id(\"sampletodotext\")).sendKeys(\"Learn Javascript\", Key.ENTER);\n        let todoText = await driver.findElement(By.xpath(\"/html/body/div/div/div/ul/li[6]/span\"))\n            .getText();\n      assert.equal(\"Learn Javascript\", todoText);\n//        todoText.should.equal(\"Learn Selenium\");",
              "err": {},
              "uuid": "3b349955-c50b-4af1-b3fb-de71b2ff5e65",
              "parentUUID": null,
              "isHook": false,
              "skipped": false
            }
          ],
          "suites": [],
          "passes": [
            "71663c0a-13f0-472c-a9f0-6e24553e2b70",
            "3b349955-c50b-4af1-b3fb-de71b2ff5e65"
          ],
          "failures": [],
          "pending": [],
          "skipped": [],
          "duration": 971,
          "root": false,
          "rootEmpty": false,
          "_timeout": null
        }
      ],
      "passes": [],
      "failures": [],
      "pending": [],
      "skipped": [],
      "duration": 0,
      "root": true,
      "rootEmpty": true,
      "_timeout": 0
    }
  ],
  "meta": {
    "mocha": {
      "version": "10.7.3"
    },
    "mochawesome": {
      "options": {
        "quiet": false,
        "reportFilename": "mochawesome",
        "saveHtml": true,
        "saveJson": true,
        "consoleReporter": "spec",
        "useInlineDiffs": false,
        "code": true
      },
      "version": "7.1.3"
    },
    "marge": {
      "options": null,
      "version": "6.2.0"
    }
  }
}